<?xml version="1.0" encoding="UTF-8"?>
<coverage generated="1522224773915" clover="3.2.0">
  <project timestamp="1522224773915" name="All files">
    <metrics statements="3680" coveredstatements="495" conditionals="1625" coveredconditionals="234" methods="1015" coveredmethods="333" elements="6320" coveredelements="1062" complexity="0" loc="3680" ncloc="3680" packages="13" files="62" classes="62">
      <package name="src">
        <metrics statements="243" coveredstatements="0" conditionals="84" coveredconditionals="0" methods="78" coveredmethods="0"/>
        <file name="code-editor-simple.js" path="/src/src/code-editor-simple.js">
          <metrics statements="6" coveredstatements="0" conditionals="4" coveredconditionals="0" methods="1" coveredmethods="0"/>
          <line num="1" count="0" type="stmt"/>
          <line num="3" count="0" type="stmt"/>
          <line num="4" count="0" type="stmt"/>
          <line num="5" count="0" type="stmt"/>
          <line num="7" count="0" type="stmt"/>
          <line num="11" count="0" type="cond" truecount="0" falsecount="4"/>
        </file>
        <file name="code-editor.js" path="/src/src/code-editor.js">
          <metrics statements="40" coveredstatements="0" conditionals="14" coveredconditionals="0" methods="20" coveredmethods="0"/>
          <line num="1" count="0" type="cond" truecount="0" falsecount="8"/>
          <line num="3" count="0" type="stmt"/>
          <line num="5" count="0" type="stmt"/>
          <line num="6" count="0" type="stmt"/>
          <line num="7" count="0" type="stmt"/>
          <line num="8" count="0" type="stmt"/>
          <line num="9" count="0" type="stmt"/>
          <line num="10" count="0" type="cond" truecount="0" falsecount="6"/>
          <line num="12" count="0" type="stmt"/>
          <line num="13" count="0" type="stmt"/>
          <line num="16" count="0" type="stmt"/>
          <line num="22" count="0" type="stmt"/>
          <line num="23" count="0" type="stmt"/>
          <line num="24" count="0" type="stmt"/>
          <line num="25" count="0" type="stmt"/>
          <line num="26" count="0" type="stmt"/>
          <line num="27" count="0" type="stmt"/>
          <line num="28" count="0" type="stmt"/>
          <line num="29" count="0" type="stmt"/>
          <line num="30" count="0" type="stmt"/>
          <line num="33" count="0" type="stmt"/>
          <line num="34" count="0" type="stmt"/>
          <line num="35" count="0" type="stmt"/>
          <line num="36" count="0" type="stmt"/>
          <line num="37" count="0" type="stmt"/>
          <line num="41" count="0" type="stmt"/>
          <line num="44" count="0" type="stmt"/>
          <line num="45" count="0" type="stmt"/>
          <line num="49" count="0" type="stmt"/>
          <line num="50" count="0" type="stmt"/>
          <line num="51" count="0" type="stmt"/>
          <line num="55" count="0" type="stmt"/>
          <line num="56" count="0" type="stmt"/>
          <line num="59" count="0" type="stmt"/>
          <line num="60" count="0" type="stmt"/>
          <line num="68" count="0" type="stmt"/>
          <line num="70" count="0" type="stmt"/>
          <line num="71" count="0" type="stmt"/>
          <line num="76" count="0" type="stmt"/>
          <line num="77" count="0" type="stmt"/>
        </file>
        <file name="diagram-overview.js" path="/src/src/diagram-overview.js">
          <metrics statements="81" coveredstatements="0" conditionals="16" coveredconditionals="0" methods="36" coveredmethods="0"/>
          <line num="1" count="0" type="stmt"/>
          <line num="2" count="0" type="stmt"/>
          <line num="3" count="0" type="cond" truecount="0" falsecount="4"/>
          <line num="5" count="0" type="stmt"/>
          <line num="7" count="0" type="stmt"/>
          <line num="9" count="0" type="stmt"/>
          <line num="10" count="0" type="cond" truecount="0" falsecount="2"/>
          <line num="12" count="0" type="stmt"/>
          <line num="16" count="0" type="stmt"/>
          <line num="26" count="0" type="stmt"/>
          <line num="29" count="0" type="stmt"/>
          <line num="35" count="0" type="stmt"/>
          <line num="36" count="0" type="stmt"/>
          <line num="37" count="0" type="cond" truecount="0" falsecount="2"/>
          <line num="38" count="0" type="stmt"/>
          <line num="41" count="0" type="stmt"/>
          <line num="46" count="0" type="stmt"/>
          <line num="55" count="0" type="stmt"/>
          <line num="58" count="0" type="stmt"/>
          <line num="63" count="0" type="stmt"/>
          <line num="64" count="0" type="stmt"/>
          <line num="72" count="0" type="stmt"/>
          <line num="75" count="0" type="stmt"/>
          <line num="81" count="0" type="stmt"/>
          <line num="82" count="0" type="stmt"/>
          <line num="84" count="0" type="stmt"/>
          <line num="86" count="0" type="stmt"/>
          <line num="87" count="0" type="cond" truecount="0" falsecount="2"/>
          <line num="88" count="0" type="stmt"/>
          <line num="89" count="0" type="stmt"/>
          <line num="93" count="0" type="stmt"/>
          <line num="95" count="0" type="stmt"/>
          <line num="96" count="0" type="stmt"/>
          <line num="98" count="0" type="stmt"/>
          <line num="106" count="0" type="stmt"/>
          <line num="109" count="0" type="stmt"/>
          <line num="114" count="0" type="stmt"/>
          <line num="115" count="0" type="stmt"/>
          <line num="121" count="0" type="stmt"/>
          <line num="124" count="0" type="stmt"/>
          <line num="129" count="0" type="stmt"/>
          <line num="130" count="0" type="stmt"/>
          <line num="132" count="0" type="stmt"/>
          <line num="135" count="0" type="stmt"/>
          <line num="140" count="0" type="stmt"/>
          <line num="141" count="0" type="stmt"/>
          <line num="144" count="0" type="cond" truecount="0" falsecount="2"/>
          <line num="146" count="0" type="stmt"/>
          <line num="147" count="0" type="stmt"/>
          <line num="149" count="0" type="stmt"/>
          <line num="150" count="0" type="stmt"/>
          <line num="154" count="0" type="stmt"/>
          <line num="159" count="0" type="stmt"/>
          <line num="160" count="0" type="stmt"/>
          <line num="161" count="0" type="stmt"/>
          <line num="164" count="0" type="stmt"/>
          <line num="169" count="0" type="stmt"/>
          <line num="170" count="0" type="cond" truecount="0" falsecount="2"/>
          <line num="171" count="0" type="stmt"/>
          <line num="172" count="0" type="stmt"/>
          <line num="176" count="0" type="stmt"/>
          <line num="178" count="0" type="stmt"/>
          <line num="180" count="0" type="stmt"/>
          <line num="181" count="0" type="stmt"/>
          <line num="182" count="0" type="stmt"/>
          <line num="185" count="0" type="stmt"/>
          <line num="186" count="0" type="stmt"/>
          <line num="187" count="0" type="cond" truecount="0" falsecount="2"/>
          <line num="188" count="0" type="stmt"/>
          <line num="189" count="0" type="stmt"/>
          <line num="194" count="0" type="stmt"/>
          <line num="195" count="0" type="stmt"/>
          <line num="196" count="0" type="stmt"/>
          <line num="197" count="0" type="stmt"/>
          <line num="201" count="0" type="stmt"/>
          <line num="202" count="0" type="stmt"/>
          <line num="203" count="0" type="stmt"/>
          <line num="204" count="0" type="stmt"/>
          <line num="205" count="0" type="stmt"/>
          <line num="209" count="0" type="stmt"/>
          <line num="210" count="0" type="stmt"/>
        </file>
        <file name="graphical-meta-model-editor.js" path="/src/src/graphical-meta-model-editor.js">
          <metrics statements="10" coveredstatements="0" conditionals="4" coveredconditionals="0" methods="1" coveredmethods="0"/>
          <line num="1" count="0" type="stmt"/>
          <line num="2" count="0" type="stmt"/>
          <line num="3" count="0" type="stmt"/>
          <line num="5" count="0" type="stmt"/>
          <line num="6" count="0" type="stmt"/>
          <line num="8" count="0" type="stmt"/>
          <line num="9" count="0" type="cond" truecount="0" falsecount="4"/>
          <line num="11" count="0" type="stmt"/>
          <line num="12" count="0" type="stmt"/>
          <line num="14" count="0" type="stmt"/>
        </file>
        <file name="graphical-model-editor.js" path="/src/src/graphical-model-editor.js">
          <metrics statements="25" coveredstatements="0" conditionals="4" coveredconditionals="0" methods="2" coveredmethods="0"/>
          <line num="1" count="0" type="stmt"/>
          <line num="2" count="0" type="stmt"/>
          <line num="3" count="0" type="stmt"/>
          <line num="5" count="0" type="stmt"/>
          <line num="6" count="0" type="stmt"/>
          <line num="8" count="0" type="stmt"/>
          <line num="9" count="0" type="stmt"/>
          <line num="10" count="0" type="stmt"/>
          <line num="12" count="0" type="stmt"/>
          <line num="13" count="0" type="stmt"/>
          <line num="14" count="0" type="stmt"/>
          <line num="15" count="0" type="stmt"/>
          <line num="16" count="0" type="stmt"/>
          <line num="17" count="0" type="cond" truecount="0" falsecount="4"/>
          <line num="19" count="0" type="stmt"/>
          <line num="20" count="0" type="stmt"/>
          <line num="21" count="0" type="stmt"/>
          <line num="22" count="0" type="stmt"/>
          <line num="23" count="0" type="stmt"/>
          <line num="26" count="0" type="stmt"/>
          <line num="27" count="0" type="stmt"/>
          <line num="28" count="0" type="stmt"/>
          <line num="29" count="0" type="stmt"/>
          <line num="30" count="0" type="stmt"/>
          <line num="31" count="0" type="stmt"/>
        </file>
        <file name="modelValidatorUtil.js" path="/src/src/modelValidatorUtil.js">
          <metrics statements="52" coveredstatements="0" conditionals="32" coveredconditionals="0" methods="14" coveredmethods="0"/>
          <line num="1" count="0" type="stmt"/>
          <line num="4" count="0" type="cond" truecount="0" falsecount="4"/>
          <line num="12" count="0" type="stmt"/>
          <line num="15" count="0" type="cond" truecount="0" falsecount="2"/>
          <line num="16" count="0" type="stmt"/>
          <line num="19" count="0" type="stmt"/>
          <line num="28" count="0" type="cond" truecount="0" falsecount="2"/>
          <line num="29" count="0" type="stmt"/>
          <line num="32" count="0" type="cond" truecount="0" falsecount="2"/>
          <line num="33" count="0" type="stmt"/>
          <line num="39" count="0" type="cond" truecount="0" falsecount="2"/>
          <line num="40" count="0" type="stmt"/>
          <line num="43" count="0" type="cond" truecount="0" falsecount="2"/>
          <line num="44" count="0" type="stmt"/>
          <line num="51" count="0" type="stmt"/>
          <line num="54" count="0" type="cond" truecount="0" falsecount="2"/>
          <line num="55" count="0" type="stmt"/>
          <line num="58" count="0" type="stmt"/>
          <line num="63" count="0" type="cond" truecount="0" falsecount="2"/>
          <line num="64" count="0" type="stmt"/>
          <line num="67" count="0" type="cond" truecount="0" falsecount="2"/>
          <line num="68" count="0" type="stmt"/>
          <line num="74" count="0" type="cond" truecount="0" falsecount="2"/>
          <line num="75" count="0" type="stmt"/>
          <line num="78" count="0" type="cond" truecount="0" falsecount="2"/>
          <line num="79" count="0" type="stmt"/>
          <line num="86" count="0" type="stmt"/>
          <line num="87" count="0" type="stmt"/>
          <line num="92" count="0" type="cond" truecount="0" falsecount="2"/>
          <line num="93" count="0" type="stmt"/>
          <line num="99" count="0" type="cond" truecount="0" falsecount="2"/>
          <line num="100" count="0" type="stmt"/>
          <line num="107" count="0" type="stmt"/>
          <line num="108" count="0" type="stmt"/>
          <line num="109" count="0" type="stmt"/>
          <line num="110" count="0" type="cond" truecount="0" falsecount="2"/>
          <line num="111" count="0" type="stmt"/>
          <line num="113" count="0" type="stmt"/>
          <line num="114" count="0" type="stmt"/>
          <line num="115" count="0" type="stmt"/>
          <line num="116" count="0" type="stmt"/>
          <line num="119" count="0" type="stmt"/>
          <line num="120" count="0" type="stmt"/>
          <line num="121" count="0" type="stmt"/>
          <line num="124" count="0" type="cond" truecount="0" falsecount="2"/>
          <line num="125" count="0" type="stmt"/>
          <line num="127" count="0" type="stmt"/>
          <line num="131" count="0" type="stmt"/>
          <line num="132" count="0" type="stmt"/>
          <line num="133" count="0" type="stmt"/>
          <line num="134" count="0" type="stmt"/>
          <line num="137" count="0" type="stmt"/>
        </file>
        <file name="silhouette.js" path="/src/src/silhouette.js">
          <metrics statements="21" coveredstatements="0" conditionals="6" coveredconditionals="0" methods="3" coveredmethods="0"/>
          <line num="1" count="0" type="stmt"/>
          <line num="2" count="0" type="stmt"/>
          <line num="4" count="0" type="stmt"/>
          <line num="5" count="0" type="stmt"/>
          <line num="6" count="0" type="stmt"/>
          <line num="8" count="0" type="stmt"/>
          <line num="9" count="0" type="stmt"/>
          <line num="10" count="0" type="cond" truecount="0" falsecount="4"/>
          <line num="13" count="0" type="stmt"/>
          <line num="14" count="0" type="stmt"/>
          <line num="22" count="0" type="stmt"/>
          <line num="23" count="0" type="stmt"/>
          <line num="24" count="0" type="stmt"/>
          <line num="27" count="0" type="stmt"/>
          <line num="28" count="0" type="stmt"/>
          <line num="31" count="0" type="stmt"/>
          <line num="34" count="0" type="cond" truecount="0" falsecount="2"/>
          <line num="35" count="0" type="stmt"/>
          <line num="37" count="0" type="stmt"/>
          <line num="41" count="0" type="stmt"/>
          <line num="42" count="0" type="stmt"/>
        </file>
        <file name="webpage.js" path="/src/src/webpage.js">
          <metrics statements="8" coveredstatements="0" conditionals="4" coveredconditionals="0" methods="1" coveredmethods="0"/>
          <line num="1" count="0" type="stmt"/>
          <line num="3" count="0" type="stmt"/>
          <line num="6" count="0" type="stmt"/>
          <line num="7" count="0" type="stmt"/>
          <line num="9" count="0" type="stmt"/>
          <line num="10" count="0" type="stmt"/>
          <line num="11" count="0" type="stmt"/>
          <line num="12" count="0" type="cond" truecount="0" falsecount="4"/>
        </file>
      </package>
      <package name="src.code-editor">
        <metrics statements="62" coveredstatements="0" conditionals="34" coveredconditionals="0" methods="6" coveredmethods="0"/>
        <file name="ace-grammar.js" path="/src/src/code-editor/ace-grammar.js">
          <metrics statements="15" coveredstatements="0" conditionals="34" coveredconditionals="0" methods="6" coveredmethods="0"/>
          <line num="1" count="0" type="cond" truecount="0" falsecount="6"/>
          <line num="3" count="0" type="cond" truecount="0" falsecount="12"/>
          <line num="4" count="0" type="stmt"/>
          <line num="12" count="0" type="cond" truecount="0" falsecount="4"/>
          <line num="13" count="0" type="stmt"/>
          <line num="19" count="0" type="cond" truecount="0" falsecount="4"/>
          <line num="20" count="0" type="stmt"/>
          <line num="26" count="0" type="cond" truecount="0" falsecount="8"/>
          <line num="27" count="0" type="stmt"/>
          <line num="34" count="0" type="stmt"/>
          <line num="46" count="0" type="stmt"/>
          <line num="134" count="0" type="stmt"/>
          <line num="223" count="0" type="stmt"/>
          <line num="224" count="0" type="stmt"/>
          <line num="225" count="0" type="stmt"/>
        </file>
        <file name="jquery-ui.js" path="/src/src/code-editor/jquery-ui.js">
          <metrics statements="47" coveredstatements="0" conditionals="0" coveredconditionals="0" methods="0" coveredmethods="0"/>
          <line num="1" count="0" type="stmt"/>
          <line num="2" count="0" type="stmt"/>
          <line num="3" count="0" type="stmt"/>
          <line num="4" count="0" type="stmt"/>
          <line num="5" count="0" type="stmt"/>
          <line num="6" count="0" type="stmt"/>
          <line num="7" count="0" type="stmt"/>
          <line num="8" count="0" type="stmt"/>
          <line num="9" count="0" type="stmt"/>
          <line num="10" count="0" type="stmt"/>
          <line num="11" count="0" type="stmt"/>
          <line num="12" count="0" type="stmt"/>
          <line num="13" count="0" type="stmt"/>
          <line num="14" count="0" type="stmt"/>
          <line num="15" count="0" type="stmt"/>
          <line num="16" count="0" type="stmt"/>
          <line num="17" count="0" type="stmt"/>
          <line num="18" count="0" type="stmt"/>
          <line num="19" count="0" type="stmt"/>
          <line num="20" count="0" type="stmt"/>
          <line num="21" count="0" type="stmt"/>
          <line num="22" count="0" type="stmt"/>
          <line num="23" count="0" type="stmt"/>
          <line num="24" count="0" type="stmt"/>
          <line num="25" count="0" type="stmt"/>
          <line num="26" count="0" type="stmt"/>
          <line num="27" count="0" type="stmt"/>
          <line num="28" count="0" type="stmt"/>
          <line num="29" count="0" type="stmt"/>
          <line num="30" count="0" type="stmt"/>
          <line num="31" count="0" type="stmt"/>
          <line num="32" count="0" type="stmt"/>
          <line num="33" count="0" type="stmt"/>
          <line num="34" count="0" type="stmt"/>
          <line num="35" count="0" type="stmt"/>
          <line num="36" count="0" type="stmt"/>
          <line num="37" count="0" type="stmt"/>
          <line num="38" count="0" type="stmt"/>
          <line num="39" count="0" type="stmt"/>
          <line num="40" count="0" type="stmt"/>
          <line num="41" count="0" type="stmt"/>
          <line num="42" count="0" type="stmt"/>
          <line num="43" count="0" type="stmt"/>
          <line num="44" count="0" type="stmt"/>
          <line num="45" count="0" type="stmt"/>
          <line num="46" count="0" type="stmt"/>
          <line num="47" count="0" type="stmt"/>
        </file>
      </package>
      <package name="src.graphical-editor">
        <metrics statements="706" coveredstatements="0" conditionals="204" coveredconditionals="0" methods="170" coveredmethods="0"/>
        <file name="backbone1.0.js" path="/src/src/graphical-editor/backbone1.0.js">
          <metrics statements="3" coveredstatements="0" conditionals="0" coveredconditionals="0" methods="0" coveredmethods="0"/>
          <line num="1" count="0" type="stmt"/>
          <line num="2" count="0" type="stmt"/>
          <line num="4" count="0" type="stmt"/>
        </file>
        <file name="graphical-editor.js" path="/src/src/graphical-editor/graphical-editor.js">
          <metrics statements="13" coveredstatements="0" conditionals="0" coveredconditionals="0" methods="0" coveredmethods="0"/>
          <line num="1" count="0" type="stmt"/>
          <line num="2" count="0" type="stmt"/>
          <line num="4" count="0" type="stmt"/>
          <line num="5" count="0" type="stmt"/>
          <line num="6" count="0" type="stmt"/>
          <line num="7" count="0" type="stmt"/>
          <line num="8" count="0" type="stmt"/>
          <line num="9" count="0" type="stmt"/>
          <line num="10" count="0" type="stmt"/>
          <line num="11" count="0" type="stmt"/>
          <line num="12" count="0" type="stmt"/>
          <line num="13" count="0" type="stmt"/>
          <line num="14" count="0" type="stmt"/>
        </file>
        <file name="meta-model.js" path="/src/src/graphical-editor/meta-model.js">
          <metrics statements="336" coveredstatements="0" conditionals="99" coveredconditionals="0" methods="82" coveredmethods="0"/>
          <line num="1" count="0" type="stmt"/>
          <line num="2" count="0" type="stmt"/>
          <line num="3" count="0" type="stmt"/>
          <line num="4" count="0" type="stmt"/>
          <line num="6" count="0" type="stmt"/>
          <line num="7" count="0" type="stmt"/>
          <line num="8" count="0" type="stmt"/>
          <line num="9" count="0" type="stmt"/>
          <line num="10" count="0" type="stmt"/>
          <line num="11" count="0" type="stmt"/>
          <line num="12" count="0" type="stmt"/>
          <line num="13" count="0" type="stmt"/>
          <line num="14" count="0" type="stmt"/>
          <line num="15" count="0" type="stmt"/>
          <line num="16" count="0" type="stmt"/>
          <line num="18" count="0" type="stmt"/>
          <line num="19" count="0" type="cond" truecount="0" falsecount="4"/>
          <line num="29" count="0" type="cond" truecount="0" falsecount="2"/>
          <line num="34" count="0" type="stmt"/>
          <line num="39" count="0" type="stmt"/>
          <line num="40" count="0" type="stmt"/>
          <line num="42" count="0" type="stmt"/>
          <line num="43" count="0" type="stmt"/>
          <line num="44" count="0" type="stmt"/>
          <line num="45" count="0" type="stmt"/>
          <line num="46" count="0" type="stmt"/>
          <line num="48" count="0" type="cond" truecount="0" falsecount="2"/>
          <line num="49" count="0" type="stmt"/>
          <line num="52" count="0" type="stmt"/>
          <line num="53" count="0" type="stmt"/>
          <line num="54" count="0" type="stmt"/>
          <line num="56" count="0" type="stmt"/>
          <line num="58" count="0" type="stmt"/>
          <line num="59" count="0" type="stmt"/>
          <line num="61" count="0" type="stmt"/>
          <line num="62" count="0" type="stmt"/>
          <line num="68" count="0" type="stmt"/>
          <line num="70" count="0" type="stmt"/>
          <line num="72" count="0" type="stmt"/>
          <line num="87" count="0" type="stmt"/>
          <line num="89" count="0" type="stmt"/>
          <line num="91" count="0" type="stmt"/>
          <line num="93" count="0" type="stmt"/>
          <line num="99" count="0" type="stmt"/>
          <line num="100" count="0" type="stmt"/>
          <line num="106" count="0" type="cond" truecount="0" falsecount="2"/>
          <line num="108" count="0" type="stmt"/>
          <line num="109" count="0" type="stmt"/>
          <line num="116" count="0" type="stmt"/>
          <line num="129" count="0" type="stmt"/>
          <line num="136" count="0" type="stmt"/>
          <line num="138" count="0" type="stmt"/>
          <line num="139" count="0" type="stmt"/>
          <line num="141" count="0" type="stmt"/>
          <line num="150" count="0" type="stmt"/>
          <line num="163" count="0" type="stmt"/>
          <line num="165" count="0" type="stmt"/>
          <line num="171" count="0" type="stmt"/>
          <line num="181" count="0" type="stmt"/>
          <line num="183" count="0" type="cond" truecount="0" falsecount="2"/>
          <line num="184" count="0" type="stmt"/>
          <line num="186" count="0" type="stmt"/>
          <line num="195" count="0" type="stmt"/>
          <line num="196" count="0" type="cond" truecount="0" falsecount="2"/>
          <line num="197" count="0" type="stmt"/>
          <line num="198" count="0" type="stmt"/>
          <line num="199" count="0" type="stmt"/>
          <line num="202" count="0" type="stmt"/>
          <line num="205" count="0" type="cond" truecount="0" falsecount="5"/>
          <line num="207" count="0" type="cond" truecount="0" falsecount="4"/>
          <line num="208" count="0" type="stmt"/>
          <line num="209" count="0" type="stmt"/>
          <line num="210" count="0" type="stmt"/>
          <line num="213" count="0" type="cond" truecount="0" falsecount="2"/>
          <line num="214" count="0" type="stmt"/>
          <line num="216" count="0" type="stmt"/>
          <line num="222" count="0" type="stmt"/>
          <line num="223" count="0" type="stmt"/>
          <line num="224" count="0" type="stmt"/>
          <line num="227" count="0" type="stmt"/>
          <line num="228" count="0" type="stmt"/>
          <line num="238" count="0" type="stmt"/>
          <line num="240" count="0" type="cond" truecount="0" falsecount="4"/>
          <line num="241" count="0" type="stmt"/>
          <line num="242" count="0" type="stmt"/>
          <line num="245" count="0" type="cond" truecount="0" falsecount="2"/>
          <line num="246" count="0" type="stmt"/>
          <line num="248" count="0" type="stmt"/>
          <line num="255" count="0" type="stmt"/>
          <line num="256" count="0" type="stmt"/>
          <line num="259" count="0" type="stmt"/>
          <line num="261" count="0" type="stmt"/>
          <line num="262" count="0" type="stmt"/>
          <line num="263" count="0" type="stmt"/>
          <line num="264" count="0" type="stmt"/>
          <line num="269" count="0" type="stmt"/>
          <line num="271" count="0" type="stmt"/>
          <line num="273" count="0" type="stmt"/>
          <line num="282" count="0" type="stmt"/>
          <line num="283" count="0" type="cond" truecount="0" falsecount="2"/>
          <line num="284" count="0" type="stmt"/>
          <line num="296" count="0" type="stmt"/>
          <line num="298" count="0" type="stmt"/>
          <line num="300" count="0" type="cond" truecount="0" falsecount="2"/>
          <line num="301" count="0" type="stmt"/>
          <line num="302" count="0" type="cond" truecount="0" falsecount="2"/>
          <line num="303" count="0" type="stmt"/>
          <line num="307" count="0" type="stmt"/>
          <line num="310" count="0" type="stmt"/>
          <line num="312" count="0" type="stmt"/>
          <line num="313" count="0" type="stmt"/>
          <line num="316" count="0" type="stmt"/>
          <line num="318" count="0" type="stmt"/>
          <line num="320" count="0" type="cond" truecount="0" falsecount="2"/>
          <line num="321" count="0" type="cond" truecount="0" falsecount="2"/>
          <line num="322" count="0" type="stmt"/>
          <line num="323" count="0" type="cond" truecount="0" falsecount="2"/>
          <line num="324" count="0" type="stmt"/>
          <line num="326" count="0" type="stmt"/>
          <line num="330" count="0" type="stmt"/>
          <line num="333" count="0" type="stmt"/>
          <line num="334" count="0" type="stmt"/>
          <line num="341" count="0" type="cond" truecount="0" falsecount="2"/>
          <line num="343" count="0" type="stmt"/>
          <line num="344" count="0" type="stmt"/>
          <line num="348" count="0" type="stmt"/>
          <line num="360" count="0" type="stmt"/>
          <line num="361" count="0" type="stmt"/>
          <line num="363" count="0" type="stmt"/>
          <line num="364" count="0" type="stmt"/>
          <line num="367" count="0" type="stmt"/>
          <line num="370" count="0" type="cond" truecount="0" falsecount="2"/>
          <line num="372" count="0" type="cond" truecount="0" falsecount="4"/>
          <line num="377" count="0" type="stmt"/>
          <line num="382" count="0" type="stmt"/>
          <line num="384" count="0" type="stmt"/>
          <line num="385" count="0" type="stmt"/>
          <line num="387" count="0" type="stmt"/>
          <line num="389" count="0" type="stmt"/>
          <line num="391" count="0" type="stmt"/>
          <line num="392" count="0" type="stmt"/>
          <line num="396" count="0" type="stmt"/>
          <line num="397" count="0" type="stmt"/>
          <line num="403" count="0" type="stmt"/>
          <line num="411" count="0" type="stmt"/>
          <line num="419" count="0" type="stmt"/>
          <line num="427" count="0" type="stmt"/>
          <line num="435" count="0" type="stmt"/>
          <line num="443" count="0" type="stmt"/>
          <line num="455" count="0" type="stmt"/>
          <line num="457" count="0" type="stmt"/>
          <line num="459" count="0" type="stmt"/>
          <line num="465" count="0" type="stmt"/>
          <line num="466" count="0" type="stmt"/>
          <line num="467" count="0" type="stmt"/>
          <line num="469" count="0" type="stmt"/>
          <line num="473" count="0" type="stmt"/>
          <line num="475" count="0" type="stmt"/>
          <line num="477" count="0" type="cond" truecount="0" falsecount="2"/>
          <line num="478" count="0" type="stmt"/>
          <line num="484" count="0" type="stmt"/>
          <line num="485" count="0" type="stmt"/>
          <line num="488" count="0" type="stmt"/>
          <line num="491" count="0" type="stmt"/>
          <line num="493" count="0" type="stmt"/>
          <line num="494" count="0" type="stmt"/>
          <line num="495" count="0" type="stmt"/>
          <line num="496" count="0" type="stmt"/>
          <line num="497" count="0" type="stmt"/>
          <line num="503" count="0" type="stmt"/>
          <line num="505" count="0" type="stmt"/>
          <line num="507" count="0" type="stmt"/>
          <line num="508" count="0" type="stmt"/>
          <line num="511" count="0" type="stmt"/>
          <line num="513" count="0" type="stmt"/>
          <line num="514" count="0" type="stmt"/>
          <line num="520" count="0" type="stmt"/>
          <line num="522" count="0" type="stmt"/>
          <line num="523" count="0" type="stmt"/>
          <line num="525" count="0" type="stmt"/>
          <line num="526" count="0" type="stmt"/>
          <line num="527" count="0" type="stmt"/>
          <line num="528" count="0" type="stmt"/>
          <line num="529" count="0" type="stmt"/>
          <line num="532" count="0" type="stmt"/>
          <line num="533" count="0" type="stmt"/>
          <line num="534" count="0" type="stmt"/>
          <line num="535" count="0" type="stmt"/>
          <line num="536" count="0" type="stmt"/>
          <line num="537" count="0" type="stmt"/>
          <line num="538" count="0" type="stmt"/>
          <line num="548" count="0" type="stmt"/>
          <line num="549" count="0" type="stmt"/>
          <line num="551" count="0" type="stmt"/>
          <line num="552" count="0" type="stmt"/>
          <line num="556" count="0" type="stmt"/>
          <line num="557" count="0" type="stmt"/>
          <line num="558" count="0" type="stmt"/>
          <line num="559" count="0" type="stmt"/>
          <line num="562" count="0" type="stmt"/>
          <line num="563" count="0" type="stmt"/>
          <line num="564" count="0" type="stmt"/>
          <line num="565" count="0" type="stmt"/>
          <line num="568" count="0" type="stmt"/>
          <line num="569" count="0" type="stmt"/>
          <line num="570" count="0" type="cond" truecount="0" falsecount="2"/>
          <line num="571" count="0" type="stmt"/>
          <line num="572" count="0" type="stmt"/>
          <line num="573" count="0" type="stmt"/>
          <line num="575" count="0" type="stmt"/>
          <line num="576" count="0" type="stmt"/>
          <line num="577" count="0" type="stmt"/>
          <line num="581" count="0" type="stmt"/>
          <line num="582" count="0" type="stmt"/>
          <line num="583" count="0" type="stmt"/>
          <line num="584" count="0" type="stmt"/>
          <line num="587" count="0" type="stmt"/>
          <line num="588" count="0" type="stmt"/>
          <line num="589" count="0" type="cond" truecount="0" falsecount="2"/>
          <line num="590" count="0" type="stmt"/>
          <line num="591" count="0" type="stmt"/>
          <line num="592" count="0" type="stmt"/>
          <line num="594" count="0" type="stmt"/>
          <line num="595" count="0" type="stmt"/>
          <line num="596" count="0" type="stmt"/>
          <line num="604" count="0" type="stmt"/>
          <line num="605" count="0" type="stmt"/>
          <line num="608" count="0" type="stmt"/>
          <line num="609" count="0" type="stmt"/>
          <line num="610" count="0" type="stmt"/>
          <line num="612" count="0" type="cond" truecount="0" falsecount="2"/>
          <line num="614" count="0" type="stmt"/>
          <line num="616" count="0" type="stmt"/>
          <line num="617" count="0" type="stmt"/>
          <line num="618" count="0" type="stmt"/>
          <line num="620" count="0" type="stmt"/>
          <line num="632" count="0" type="stmt"/>
          <line num="633" count="0" type="stmt"/>
          <line num="635" count="0" type="stmt"/>
          <line num="646" count="0" type="stmt"/>
          <line num="653" count="0" type="stmt"/>
          <line num="656" count="0" type="stmt"/>
          <line num="662" count="0" type="stmt"/>
          <line num="663" count="0" type="stmt"/>
          <line num="665" count="0" type="cond" truecount="0" falsecount="2"/>
          <line num="667" count="0" type="stmt"/>
          <line num="669" count="0" type="stmt"/>
          <line num="670" count="0" type="stmt"/>
          <line num="671" count="0" type="stmt"/>
          <line num="673" count="0" type="stmt"/>
          <line num="678" count="0" type="stmt"/>
          <line num="679" count="0" type="stmt"/>
          <line num="680" count="0" type="stmt"/>
          <line num="681" count="0" type="cond" truecount="0" falsecount="2"/>
          <line num="682" count="0" type="stmt"/>
          <line num="695" count="0" type="stmt"/>
          <line num="696" count="0" type="cond" truecount="0" falsecount="2"/>
          <line num="697" count="0" type="stmt"/>
          <line num="703" count="0" type="stmt"/>
          <line num="704" count="0" type="cond" truecount="0" falsecount="2"/>
          <line num="705" count="0" type="stmt"/>
          <line num="712" count="0" type="stmt"/>
          <line num="713" count="0" type="stmt"/>
          <line num="714" count="0" type="stmt"/>
          <line num="716" count="0" type="stmt"/>
          <line num="717" count="0" type="stmt"/>
          <line num="724" count="0" type="cond" truecount="0" falsecount="2"/>
          <line num="725" count="0" type="stmt"/>
          <line num="728" count="0" type="cond" truecount="0" falsecount="4"/>
          <line num="730" count="0" type="cond" truecount="0" falsecount="2"/>
          <line num="731" count="0" type="cond" truecount="0" falsecount="2"/>
          <line num="738" count="0" type="stmt"/>
          <line num="744" count="0" type="stmt"/>
          <line num="746" count="0" type="stmt"/>
          <line num="752" count="0" type="cond" truecount="0" falsecount="2"/>
          <line num="756" count="0" type="cond" truecount="0" falsecount="2"/>
          <line num="762" count="0" type="stmt"/>
          <line num="766" count="0" type="stmt"/>
          <line num="767" count="0" type="stmt"/>
          <line num="768" count="0" type="stmt"/>
          <line num="769" count="0" type="cond" truecount="0" falsecount="2"/>
          <line num="770" count="0" type="cond" truecount="0" falsecount="2"/>
          <line num="771" count="0" type="cond" truecount="0" falsecount="2"/>
          <line num="776" count="0" type="cond" truecount="0" falsecount="4"/>
          <line num="777" count="0" type="stmt"/>
          <line num="779" count="0" type="stmt"/>
          <line num="786" count="0" type="stmt"/>
          <line num="788" count="0" type="stmt"/>
          <line num="789" count="0" type="stmt"/>
          <line num="795" count="0" type="stmt"/>
          <line num="797" count="0" type="stmt"/>
          <line num="798" count="0" type="stmt"/>
          <line num="800" count="0" type="stmt"/>
          <line num="801" count="0" type="stmt"/>
          <line num="802" count="0" type="stmt"/>
          <line num="803" count="0" type="cond" truecount="0" falsecount="2"/>
          <line num="804" count="0" type="stmt"/>
          <line num="806" count="0" type="stmt"/>
          <line num="817" count="0" type="stmt"/>
          <line num="825" count="0" type="stmt"/>
          <line num="826" count="0" type="stmt"/>
          <line num="827" count="0" type="cond" truecount="0" falsecount="4"/>
          <line num="829" count="0" type="stmt"/>
          <line num="830" count="0" type="stmt"/>
          <line num="832" count="0" type="stmt"/>
          <line num="833" count="0" type="stmt"/>
          <line num="835" count="0" type="stmt"/>
          <line num="836" count="0" type="stmt"/>
          <line num="838" count="0" type="stmt"/>
          <line num="847" count="0" type="stmt"/>
          <line num="850" count="0" type="cond" truecount="0" falsecount="2"/>
          <line num="851" count="0" type="stmt"/>
          <line num="852" count="0" type="stmt"/>
          <line num="853" count="0" type="stmt"/>
          <line num="861" count="0" type="stmt"/>
          <line num="862" count="0" type="stmt"/>
          <line num="869" count="0" type="stmt"/>
          <line num="870" count="0" type="stmt"/>
          <line num="871" count="0" type="stmt"/>
          <line num="878" count="0" type="stmt"/>
          <line num="879" count="0" type="stmt"/>
          <line num="880" count="0" type="stmt"/>
          <line num="886" count="0" type="stmt"/>
          <line num="887" count="0" type="stmt"/>
          <line num="888" count="0" type="stmt"/>
          <line num="889" count="0" type="stmt"/>
          <line num="895" count="0" type="stmt"/>
          <line num="896" count="0" type="stmt"/>
          <line num="897" count="0" type="stmt"/>
          <line num="898" count="0" type="stmt"/>
          <line num="899" count="0" type="stmt"/>
          <line num="905" count="0" type="stmt"/>
          <line num="906" count="0" type="stmt"/>
          <line num="907" count="0" type="stmt"/>
          <line num="908" count="0" type="stmt"/>
          <line num="909" count="0" type="stmt"/>
        </file>
        <file name="model.js" path="/src/src/graphical-editor/model.js">
          <metrics statements="329" coveredstatements="0" conditionals="105" coveredconditionals="0" methods="88" coveredmethods="0"/>
          <line num="1" count="0" type="stmt"/>
          <line num="2" count="0" type="stmt"/>
          <line num="3" count="0" type="stmt"/>
          <line num="4" count="0" type="stmt"/>
          <line num="6" count="0" type="stmt"/>
          <line num="7" count="0" type="stmt"/>
          <line num="9" count="0" type="stmt"/>
          <line num="10" count="0" type="stmt"/>
          <line num="11" count="0" type="stmt"/>
          <line num="12" count="0" type="stmt"/>
          <line num="14" count="0" type="stmt"/>
          <line num="15" count="0" type="cond" truecount="0" falsecount="6"/>
          <line num="25" count="0" type="cond" truecount="0" falsecount="2"/>
          <line num="30" count="0" type="stmt"/>
          <line num="34" count="0" type="stmt"/>
          <line num="39" count="0" type="stmt"/>
          <line num="40" count="0" type="stmt"/>
          <line num="41" count="0" type="stmt"/>
          <line num="42" count="0" type="stmt"/>
          <line num="43" count="0" type="stmt"/>
          <line num="44" count="0" type="stmt"/>
          <line num="45" count="0" type="stmt"/>
          <line num="46" count="0" type="stmt"/>
          <line num="47" count="0" type="stmt"/>
          <line num="54" count="0" type="cond" truecount="0" falsecount="2"/>
          <line num="55" count="0" type="stmt"/>
          <line num="57" count="0" type="stmt"/>
          <line num="58" count="0" type="stmt"/>
          <line num="59" count="0" type="stmt"/>
          <line num="61" count="0" type="stmt"/>
          <line num="62" count="0" type="stmt"/>
          <line num="65" count="0" type="stmt"/>
          <line num="66" count="0" type="stmt"/>
          <line num="70" count="0" type="cond" truecount="0" falsecount="2"/>
          <line num="71" count="0" type="stmt"/>
          <line num="78" count="0" type="stmt"/>
          <line num="80" count="0" type="stmt"/>
          <line num="81" count="0" type="stmt"/>
          <line num="100" count="0" type="stmt"/>
          <line num="102" count="0" type="stmt"/>
          <line num="104" count="0" type="stmt"/>
          <line num="106" count="0" type="stmt"/>
          <line num="108" count="0" type="stmt"/>
          <line num="109" count="0" type="stmt"/>
          <line num="114" count="0" type="cond" truecount="0" falsecount="2"/>
          <line num="116" count="0" type="stmt"/>
          <line num="117" count="0" type="stmt"/>
          <line num="130" count="0" type="stmt"/>
          <line num="131" count="0" type="stmt"/>
          <line num="133" count="0" type="stmt"/>
          <line num="135" count="0" type="stmt"/>
          <line num="136" count="0" type="stmt"/>
          <line num="144" count="0" type="stmt"/>
          <line num="148" count="0" type="stmt"/>
          <line num="149" count="0" type="stmt"/>
          <line num="151" count="0" type="stmt"/>
          <line num="157" count="0" type="stmt"/>
          <line num="159" count="0" type="stmt"/>
          <line num="161" count="0" type="stmt"/>
          <line num="173" count="0" type="stmt"/>
          <line num="174" count="0" type="stmt"/>
          <line num="178" count="0" type="stmt"/>
          <line num="180" count="0" type="cond" truecount="0" falsecount="2"/>
          <line num="181" count="0" type="stmt"/>
          <line num="183" count="0" type="stmt"/>
          <line num="187" count="0" type="stmt"/>
          <line num="189" count="0" type="cond" truecount="0" falsecount="5"/>
          <line num="190" count="0" type="stmt"/>
          <line num="191" count="0" type="stmt"/>
          <line num="195" count="0" type="stmt"/>
          <line num="197" count="0" type="cond" truecount="0" falsecount="4"/>
          <line num="198" count="0" type="stmt"/>
          <line num="199" count="0" type="stmt"/>
          <line num="200" count="0" type="stmt"/>
          <line num="206" count="0" type="stmt"/>
          <line num="208" count="0" type="stmt"/>
          <line num="210" count="0" type="stmt"/>
          <line num="211" count="0" type="stmt"/>
          <line num="212" count="0" type="stmt"/>
          <line num="213" count="0" type="stmt"/>
          <line num="220" count="0" type="cond" truecount="0" falsecount="4"/>
          <line num="222" count="0" type="cond" truecount="0" falsecount="2"/>
          <line num="224" count="0" type="stmt"/>
          <line num="227" count="0" type="stmt"/>
          <line num="230" count="0" type="stmt"/>
          <line num="232" count="0" type="stmt"/>
          <line num="238" count="0" type="stmt"/>
          <line num="240" count="0" type="stmt"/>
          <line num="241" count="0" type="stmt"/>
          <line num="243" count="0" type="cond" truecount="0" falsecount="2"/>
          <line num="244" count="0" type="stmt"/>
          <line num="245" count="0" type="cond" truecount="0" falsecount="2"/>
          <line num="246" count="0" type="stmt"/>
          <line num="250" count="0" type="stmt"/>
          <line num="257" count="0" type="stmt"/>
          <line num="259" count="0" type="stmt"/>
          <line num="261" count="0" type="stmt"/>
          <line num="262" count="0" type="stmt"/>
          <line num="275" count="0" type="stmt"/>
          <line num="277" count="0" type="cond" truecount="0" falsecount="4"/>
          <line num="282" count="0" type="stmt"/>
          <line num="283" count="0" type="stmt"/>
          <line num="285" count="0" type="stmt"/>
          <line num="286" count="0" type="stmt"/>
          <line num="288" count="0" type="stmt"/>
          <line num="290" count="0" type="stmt"/>
          <line num="292" count="0" type="stmt"/>
          <line num="296" count="0" type="stmt"/>
          <line num="297" count="0" type="stmt"/>
          <line num="303" count="0" type="stmt"/>
          <line num="311" count="0" type="stmt"/>
          <line num="319" count="0" type="stmt"/>
          <line num="327" count="0" type="stmt"/>
          <line num="335" count="0" type="stmt"/>
          <line num="343" count="0" type="stmt"/>
          <line num="355" count="0" type="stmt"/>
          <line num="357" count="0" type="stmt"/>
          <line num="359" count="0" type="stmt"/>
          <line num="362" count="0" type="stmt"/>
          <line num="363" count="0" type="stmt"/>
          <line num="364" count="0" type="stmt"/>
          <line num="366" count="0" type="stmt"/>
          <line num="370" count="0" type="stmt"/>
          <line num="372" count="0" type="stmt"/>
          <line num="374" count="0" type="cond" truecount="0" falsecount="2"/>
          <line num="379" count="0" type="stmt"/>
          <line num="380" count="0" type="stmt"/>
          <line num="383" count="0" type="stmt"/>
          <line num="386" count="0" type="stmt"/>
          <line num="388" count="0" type="stmt"/>
          <line num="389" count="0" type="stmt"/>
          <line num="390" count="0" type="stmt"/>
          <line num="391" count="0" type="stmt"/>
          <line num="392" count="0" type="stmt"/>
          <line num="398" count="0" type="stmt"/>
          <line num="400" count="0" type="stmt"/>
          <line num="402" count="0" type="stmt"/>
          <line num="403" count="0" type="stmt"/>
          <line num="406" count="0" type="stmt"/>
          <line num="408" count="0" type="stmt"/>
          <line num="409" count="0" type="stmt"/>
          <line num="418" count="0" type="stmt"/>
          <line num="420" count="0" type="stmt"/>
          <line num="422" count="0" type="cond" truecount="0" falsecount="4"/>
          <line num="424" count="0" type="cond" truecount="0" falsecount="2"/>
          <line num="425" count="0" type="stmt"/>
          <line num="427" count="0" type="cond" truecount="0" falsecount="2"/>
          <line num="429" count="0" type="stmt"/>
          <line num="430" count="0" type="stmt"/>
          <line num="431" count="0" type="cond" truecount="0" falsecount="2"/>
          <line num="433" count="0" type="stmt"/>
          <line num="436" count="0" type="stmt"/>
          <line num="438" count="0" type="stmt"/>
          <line num="440" count="0" type="stmt"/>
          <line num="442" count="0" type="stmt"/>
          <line num="449" count="0" type="stmt"/>
          <line num="450" count="0" type="stmt"/>
          <line num="452" count="0" type="stmt"/>
          <line num="453" count="0" type="stmt"/>
          <line num="454" count="0" type="stmt"/>
          <line num="458" count="0" type="stmt"/>
          <line num="460" count="0" type="stmt"/>
          <line num="461" count="0" type="stmt"/>
          <line num="462" count="0" type="stmt"/>
          <line num="463" count="0" type="stmt"/>
          <line num="464" count="0" type="stmt"/>
          <line num="465" count="0" type="stmt"/>
          <line num="466" count="0" type="stmt"/>
          <line num="467" count="0" type="stmt"/>
          <line num="468" count="0" type="stmt"/>
          <line num="469" count="0" type="stmt"/>
          <line num="470" count="0" type="stmt"/>
          <line num="474" count="0" type="stmt"/>
          <line num="475" count="0" type="stmt"/>
          <line num="477" count="0" type="stmt"/>
          <line num="478" count="0" type="stmt"/>
          <line num="481" count="0" type="stmt"/>
          <line num="483" count="0" type="stmt"/>
          <line num="484" count="0" type="stmt"/>
          <line num="485" count="0" type="stmt"/>
          <line num="486" count="0" type="stmt"/>
          <line num="489" count="0" type="stmt"/>
          <line num="490" count="0" type="stmt"/>
          <line num="491" count="0" type="stmt"/>
          <line num="492" count="0" type="stmt"/>
          <line num="495" count="0" type="stmt"/>
          <line num="496" count="0" type="stmt"/>
          <line num="497" count="0" type="cond" truecount="0" falsecount="2"/>
          <line num="498" count="0" type="stmt"/>
          <line num="499" count="0" type="stmt"/>
          <line num="500" count="0" type="stmt"/>
          <line num="502" count="0" type="stmt"/>
          <line num="503" count="0" type="stmt"/>
          <line num="504" count="0" type="stmt"/>
          <line num="508" count="0" type="stmt"/>
          <line num="509" count="0" type="stmt"/>
          <line num="510" count="0" type="stmt"/>
          <line num="511" count="0" type="stmt"/>
          <line num="514" count="0" type="stmt"/>
          <line num="515" count="0" type="stmt"/>
          <line num="516" count="0" type="cond" truecount="0" falsecount="2"/>
          <line num="517" count="0" type="stmt"/>
          <line num="518" count="0" type="stmt"/>
          <line num="519" count="0" type="stmt"/>
          <line num="521" count="0" type="stmt"/>
          <line num="522" count="0" type="stmt"/>
          <line num="523" count="0" type="stmt"/>
          <line num="529" count="0" type="stmt"/>
          <line num="531" count="0" type="stmt"/>
          <line num="532" count="0" type="stmt"/>
          <line num="536" count="0" type="stmt"/>
          <line num="537" count="0" type="stmt"/>
          <line num="541" count="0" type="stmt"/>
          <line num="542" count="0" type="stmt"/>
          <line num="543" count="0" type="cond" truecount="0" falsecount="2"/>
          <line num="544" count="0" type="stmt"/>
          <line num="545" count="0" type="stmt"/>
          <line num="546" count="0" type="stmt"/>
          <line num="547" count="0" type="stmt"/>
          <line num="549" count="0" type="cond" truecount="0" falsecount="2"/>
          <line num="550" count="0" type="stmt"/>
          <line num="551" count="0" type="cond" truecount="0" falsecount="2"/>
          <line num="552" count="0" type="cond" truecount="0" falsecount="2"/>
          <line num="553" count="0" type="stmt"/>
          <line num="555" count="0" type="stmt"/>
          <line num="558" count="0" type="stmt"/>
          <line num="559" count="0" type="stmt"/>
          <line num="564" count="0" type="stmt"/>
          <line num="566" count="0" type="stmt"/>
          <line num="567" count="0" type="stmt"/>
          <line num="568" count="0" type="stmt"/>
          <line num="573" count="0" type="stmt"/>
          <line num="576" count="0" type="stmt"/>
          <line num="581" count="0" type="stmt"/>
          <line num="582" count="0" type="stmt"/>
          <line num="583" count="0" type="stmt"/>
          <line num="584" count="0" type="stmt"/>
          <line num="585" count="0" type="stmt"/>
          <line num="586" count="0" type="stmt"/>
          <line num="587" count="0" type="stmt"/>
          <line num="594" count="0" type="stmt"/>
          <line num="595" count="0" type="stmt"/>
          <line num="596" count="0" type="stmt"/>
          <line num="597" count="0" type="stmt"/>
          <line num="598" count="0" type="stmt"/>
          <line num="599" count="0" type="stmt"/>
          <line num="600" count="0" type="stmt"/>
          <line num="608" count="0" type="stmt"/>
          <line num="610" count="0" type="stmt"/>
          <line num="621" count="0" type="stmt"/>
          <line num="622" count="0" type="stmt"/>
          <line num="623" count="0" type="stmt"/>
          <line num="625" count="0" type="stmt"/>
          <line num="626" count="0" type="stmt"/>
          <line num="632" count="0" type="cond" truecount="0" falsecount="2"/>
          <line num="634" count="0" type="cond" truecount="0" falsecount="4"/>
          <line num="636" count="0" type="cond" truecount="0" falsecount="2"/>
          <line num="637" count="0" type="cond" truecount="0" falsecount="2"/>
          <line num="639" count="0" type="stmt"/>
          <line num="640" count="0" type="stmt"/>
          <line num="642" count="0" type="stmt"/>
          <line num="646" count="0" type="cond" truecount="0" falsecount="2"/>
          <line num="647" count="0" type="cond" truecount="0" falsecount="2"/>
          <line num="651" count="0" type="stmt"/>
          <line num="655" count="0" type="stmt"/>
          <line num="656" count="0" type="stmt"/>
          <line num="657" count="0" type="stmt"/>
          <line num="658" count="0" type="cond" truecount="0" falsecount="2"/>
          <line num="659" count="0" type="cond" truecount="0" falsecount="2"/>
          <line num="660" count="0" type="cond" truecount="0" falsecount="2"/>
          <line num="665" count="0" type="cond" truecount="0" falsecount="4"/>
          <line num="666" count="0" type="stmt"/>
          <line num="668" count="0" type="stmt"/>
          <line num="672" count="0" type="stmt"/>
          <line num="673" count="0" type="stmt"/>
          <line num="674" count="0" type="stmt"/>
          <line num="678" count="0" type="stmt"/>
          <line num="679" count="0" type="stmt"/>
          <line num="681" count="0" type="stmt"/>
          <line num="685" count="0" type="stmt"/>
          <line num="686" count="0" type="cond" truecount="0" falsecount="2"/>
          <line num="687" count="0" type="stmt"/>
          <line num="688" count="0" type="stmt"/>
          <line num="689" count="0" type="stmt"/>
          <line num="694" count="0" type="stmt"/>
          <line num="701" count="0" type="stmt"/>
          <line num="703" count="0" type="stmt"/>
          <line num="704" count="0" type="stmt"/>
          <line num="709" count="0" type="stmt"/>
          <line num="711" count="0" type="stmt"/>
          <line num="712" count="0" type="stmt"/>
          <line num="714" count="0" type="stmt"/>
          <line num="715" count="0" type="stmt"/>
          <line num="716" count="0" type="stmt"/>
          <line num="717" count="0" type="cond" truecount="0" falsecount="2"/>
          <line num="718" count="0" type="stmt"/>
          <line num="720" count="0" type="stmt"/>
          <line num="725" count="0" type="stmt"/>
          <line num="727" count="0" type="stmt"/>
          <line num="730" count="0" type="stmt"/>
          <line num="733" count="0" type="cond" truecount="0" falsecount="4"/>
          <line num="734" count="0" type="stmt"/>
          <line num="738" count="0" type="stmt"/>
          <line num="741" count="0" type="stmt"/>
          <line num="742" count="0" type="stmt"/>
          <line num="744" count="0" type="stmt"/>
          <line num="751" count="0" type="cond" truecount="0" falsecount="2"/>
          <line num="752" count="0" type="cond" truecount="0" falsecount="2"/>
          <line num="753" count="0" type="stmt"/>
          <line num="754" count="0" type="stmt"/>
          <line num="757" count="0" type="cond" truecount="0" falsecount="2"/>
          <line num="758" count="0" type="stmt"/>
          <line num="760" count="0" type="stmt"/>
          <line num="761" count="0" type="stmt"/>
          <line num="765" count="0" type="stmt"/>
          <line num="766" count="0" type="stmt"/>
          <line num="767" count="0" type="stmt"/>
          <line num="768" count="0" type="stmt"/>
          <line num="769" count="0" type="stmt"/>
          <line num="771" count="0" type="stmt"/>
          <line num="772" count="0" type="stmt"/>
          <line num="773" count="0" type="stmt"/>
          <line num="774" count="0" type="stmt"/>
          <line num="775" count="0" type="stmt"/>
          <line num="776" count="0" type="stmt"/>
          <line num="782" count="0" type="stmt"/>
          <line num="783" count="0" type="stmt"/>
          <line num="784" count="0" type="stmt"/>
          <line num="785" count="0" type="stmt"/>
        </file>
        <file name="rappid.js" path="/src/src/graphical-editor/rappid.js">
          <metrics statements="25" coveredstatements="0" conditionals="0" coveredconditionals="0" methods="0" coveredmethods="0"/>
          <line num="1" count="0" type="stmt"/>
          <line num="2" count="0" type="stmt"/>
          <line num="3" count="0" type="stmt"/>
          <line num="4" count="0" type="stmt"/>
          <line num="5" count="0" type="stmt"/>
          <line num="6" count="0" type="stmt"/>
          <line num="7" count="0" type="stmt"/>
          <line num="10" count="0" type="stmt"/>
          <line num="11" count="0" type="stmt"/>
          <line num="12" count="0" type="stmt"/>
          <line num="13" count="0" type="stmt"/>
          <line num="14" count="0" type="stmt"/>
          <line num="15" count="0" type="stmt"/>
          <line num="16" count="0" type="stmt"/>
          <line num="17" count="0" type="stmt"/>
          <line num="18" count="0" type="stmt"/>
          <line num="19" count="0" type="stmt"/>
          <line num="20" count="0" type="stmt"/>
          <line num="21" count="0" type="stmt"/>
          <line num="22" count="0" type="stmt"/>
          <line num="23" count="0" type="stmt"/>
          <line num="24" count="0" type="stmt"/>
          <line num="25" count="0" type="stmt"/>
          <line num="26" count="0" type="stmt"/>
          <line num="27" count="0" type="stmt"/>
        </file>
      </package>
      <package name="src.graphical-editor.jointjs">
        <metrics statements="604" coveredstatements="0" conditionals="356" coveredconditionals="0" methods="115" coveredmethods="0"/>
        <file name="de.htwg.group.js" path="/src/src/graphical-editor/jointjs/de.htwg.group.js">
          <metrics statements="37" coveredstatements="0" conditionals="24" coveredconditionals="0" methods="13" coveredmethods="0"/>
          <line num="1" count="0" type="stmt"/>
          <line num="11" count="0" type="stmt"/>
          <line num="12" count="0" type="stmt"/>
          <line num="15" count="0" type="stmt"/>
          <line num="20" count="0" type="cond" truecount="0" falsecount="2"/>
          <line num="22" count="0" type="stmt"/>
          <line num="26" count="0" type="cond" truecount="0" falsecount="2"/>
          <line num="27" count="0" type="stmt"/>
          <line num="34" count="0" type="cond" truecount="0" falsecount="2"/>
          <line num="36" count="0" type="stmt"/>
          <line num="40" count="0" type="stmt"/>
          <line num="41" count="0" type="cond" truecount="0" falsecount="2"/>
          <line num="42" count="0" type="stmt"/>
          <line num="43" count="0" type="stmt"/>
          <line num="44" count="0" type="cond" truecount="0" falsecount="2"/>
          <line num="47" count="0" type="stmt"/>
          <line num="54" count="0" type="cond" truecount="0" falsecount="2"/>
          <line num="58" count="0" type="stmt"/>
          <line num="59" count="0" type="cond" truecount="0" falsecount="2"/>
          <line num="60" count="0" type="cond" truecount="0" falsecount="2"/>
          <line num="64" count="0" type="cond" truecount="0" falsecount="4"/>
          <line num="65" count="0" type="stmt"/>
          <line num="71" count="0" type="stmt"/>
          <line num="72" count="0" type="cond" truecount="0" falsecount="2"/>
          <line num="74" count="0" type="stmt"/>
          <line num="75" count="0" type="stmt"/>
          <line num="76" count="0" type="cond" truecount="0" falsecount="2"/>
          <line num="81" count="0" type="stmt"/>
          <line num="86" count="0" type="stmt"/>
          <line num="87" count="0" type="stmt"/>
          <line num="88" count="0" type="stmt"/>
          <line num="89" count="0" type="stmt"/>
          <line num="92" count="0" type="stmt"/>
          <line num="97" count="0" type="stmt"/>
          <line num="99" count="0" type="stmt"/>
          <line num="104" count="0" type="stmt"/>
          <line num="105" count="0" type="stmt"/>
        </file>
        <file name="distancelines.js" path="/src/src/graphical-editor/jointjs/distancelines.js">
          <metrics statements="241" coveredstatements="0" conditionals="184" coveredconditionals="0" methods="39" coveredmethods="0"/>
          <line num="1" count="0" type="stmt"/>
          <line num="2" count="0" type="stmt"/>
          <line num="3" count="0" type="cond" truecount="0" falsecount="4"/>
          <line num="10" count="0" type="stmt"/>
          <line num="26" count="0" type="stmt"/>
          <line num="27" count="0" type="stmt"/>
          <line num="29" count="0" type="stmt"/>
          <line num="30" count="0" type="stmt"/>
          <line num="34" count="0" type="stmt"/>
          <line num="35" count="0" type="stmt"/>
          <line num="36" count="0" type="stmt"/>
          <line num="41" count="0" type="stmt"/>
          <line num="42" count="0" type="stmt"/>
          <line num="43" count="0" type="stmt"/>
          <line num="44" count="0" type="stmt"/>
          <line num="45" count="0" type="stmt"/>
          <line num="50" count="0" type="stmt"/>
          <line num="55" count="0" type="stmt"/>
          <line num="56" count="0" type="stmt"/>
          <line num="57" count="0" type="stmt"/>
          <line num="58" count="0" type="cond" truecount="0" falsecount="2"/>
          <line num="59" count="0" type="stmt"/>
          <line num="65" count="0" type="stmt"/>
          <line num="66" count="0" type="stmt"/>
          <line num="67" count="0" type="stmt"/>
          <line num="77" count="0" type="cond" truecount="0" falsecount="4"/>
          <line num="79" count="0" type="stmt"/>
          <line num="80" count="0" type="stmt"/>
          <line num="81" count="0" type="stmt"/>
          <line num="101" count="0" type="stmt"/>
          <line num="103" count="0" type="stmt"/>
          <line num="105" count="0" type="stmt"/>
          <line num="106" count="0" type="stmt"/>
          <line num="107" count="0" type="stmt"/>
          <line num="108" count="0" type="stmt"/>
          <line num="110" count="0" type="stmt"/>
          <line num="111" count="0" type="stmt"/>
          <line num="112" count="0" type="cond" truecount="0" falsecount="2"/>
          <line num="119" count="0" type="stmt"/>
          <line num="120" count="0" type="stmt"/>
          <line num="121" count="0" type="stmt"/>
          <line num="123" count="0" type="cond" truecount="0" falsecount="4"/>
          <line num="125" count="0" type="cond" truecount="0" falsecount="5"/>
          <line num="127" count="0" type="cond" truecount="0" falsecount="2"/>
          <line num="130" count="0" type="cond" truecount="0" falsecount="5"/>
          <line num="132" count="0" type="cond" truecount="0" falsecount="2"/>
          <line num="135" count="0" type="cond" truecount="0" falsecount="4"/>
          <line num="137" count="0" type="cond" truecount="0" falsecount="5"/>
          <line num="139" count="0" type="cond" truecount="0" falsecount="2"/>
          <line num="142" count="0" type="cond" truecount="0" falsecount="5"/>
          <line num="144" count="0" type="cond" truecount="0" falsecount="2"/>
          <line num="147" count="0" type="stmt"/>
          <line num="149" count="0" type="stmt"/>
          <line num="159" count="0" type="stmt"/>
          <line num="160" count="0" type="stmt"/>
          <line num="161" count="0" type="stmt"/>
          <line num="162" count="0" type="cond" truecount="0" falsecount="2"/>
          <line num="163" count="0" type="stmt"/>
          <line num="171" count="0" type="cond" truecount="0" falsecount="2"/>
          <line num="172" count="0" type="cond" truecount="0" falsecount="2"/>
          <line num="173" count="0" type="cond" truecount="0" falsecount="2"/>
          <line num="174" count="0" type="cond" truecount="0" falsecount="2"/>
          <line num="189" count="0" type="cond" truecount="0" falsecount="2"/>
          <line num="190" count="0" type="stmt"/>
          <line num="191" count="0" type="cond" truecount="0" falsecount="2"/>
          <line num="192" count="0" type="stmt"/>
          <line num="193" count="0" type="stmt"/>
          <line num="194" count="0" type="cond" truecount="0" falsecount="2"/>
          <line num="197" count="0" type="stmt"/>
          <line num="199" count="0" type="stmt"/>
          <line num="209" count="0" type="stmt"/>
          <line num="210" count="0" type="stmt"/>
          <line num="212" count="0" type="stmt"/>
          <line num="213" count="0" type="stmt"/>
          <line num="214" count="0" type="stmt"/>
          <line num="217" count="0" type="stmt"/>
          <line num="218" count="0" type="cond" truecount="0" falsecount="2"/>
          <line num="220" count="0" type="stmt"/>
          <line num="222" count="0" type="stmt"/>
          <line num="223" count="0" type="stmt"/>
          <line num="225" count="0" type="cond" truecount="0" falsecount="6"/>
          <line num="228" count="0" type="cond" truecount="0" falsecount="4"/>
          <line num="231" count="0" type="stmt"/>
          <line num="232" count="0" type="stmt"/>
          <line num="234" count="0" type="cond" truecount="0" falsecount="4"/>
          <line num="236" count="0" type="stmt"/>
          <line num="237" count="0" type="cond" truecount="0" falsecount="5"/>
          <line num="238" count="0" type="stmt"/>
          <line num="239" count="0" type="cond" truecount="0" falsecount="5"/>
          <line num="240" count="0" type="stmt"/>
          <line num="247" count="0" type="stmt"/>
          <line num="249" count="0" type="stmt"/>
          <line num="250" count="0" type="cond" truecount="0" falsecount="2"/>
          <line num="251" count="0" type="stmt"/>
          <line num="253" count="0" type="cond" truecount="0" falsecount="4"/>
          <line num="254" count="0" type="stmt"/>
          <line num="256" count="0" type="stmt"/>
          <line num="259" count="0" type="stmt"/>
          <line num="260" count="0" type="cond" truecount="0" falsecount="4"/>
          <line num="264" count="0" type="cond" truecount="0" falsecount="2"/>
          <line num="265" count="0" type="stmt"/>
          <line num="266" count="0" type="stmt"/>
          <line num="267" count="0" type="stmt"/>
          <line num="268" count="0" type="stmt"/>
          <line num="272" count="0" type="stmt"/>
          <line num="291" count="0" type="stmt"/>
          <line num="306" count="0" type="stmt"/>
          <line num="307" count="0" type="stmt"/>
          <line num="308" count="0" type="stmt"/>
          <line num="309" count="0" type="stmt"/>
          <line num="310" count="0" type="stmt"/>
          <line num="311" count="0" type="stmt"/>
          <line num="313" count="0" type="cond" truecount="0" falsecount="2"/>
          <line num="314" count="0" type="stmt"/>
          <line num="315" count="0" type="stmt"/>
          <line num="316" count="0" type="cond" truecount="0" falsecount="2"/>
          <line num="317" count="0" type="stmt"/>
          <line num="318" count="0" type="stmt"/>
          <line num="319" count="0" type="cond" truecount="0" falsecount="2"/>
          <line num="320" count="0" type="stmt"/>
          <line num="321" count="0" type="stmt"/>
          <line num="322" count="0" type="cond" truecount="0" falsecount="2"/>
          <line num="323" count="0" type="stmt"/>
          <line num="324" count="0" type="stmt"/>
          <line num="327" count="0" type="stmt"/>
          <line num="331" count="0" type="stmt"/>
          <line num="332" count="0" type="stmt"/>
          <line num="333" count="0" type="stmt"/>
          <line num="334" count="0" type="stmt"/>
          <line num="345" count="0" type="stmt"/>
          <line num="348" count="0" type="cond" truecount="0" falsecount="4"/>
          <line num="349" count="0" type="cond" truecount="0" falsecount="2"/>
          <line num="353" count="0" type="cond" truecount="0" falsecount="4"/>
          <line num="354" count="0" type="stmt"/>
          <line num="355" count="0" type="cond" truecount="0" falsecount="2"/>
          <line num="360" count="0" type="cond" truecount="0" falsecount="2"/>
          <line num="361" count="0" type="stmt"/>
          <line num="362" count="0" type="stmt"/>
          <line num="363" count="0" type="stmt"/>
          <line num="367" count="0" type="cond" truecount="0" falsecount="4"/>
          <line num="368" count="0" type="stmt"/>
          <line num="371" count="0" type="cond" truecount="0" falsecount="2"/>
          <line num="373" count="0" type="cond" truecount="0" falsecount="4"/>
          <line num="375" count="0" type="stmt"/>
          <line num="376" count="0" type="stmt"/>
          <line num="379" count="0" type="stmt"/>
          <line num="384" count="0" type="stmt"/>
          <line num="396" count="0" type="cond" truecount="0" falsecount="4"/>
          <line num="397" count="0" type="stmt"/>
          <line num="399" count="0" type="stmt"/>
          <line num="401" count="0" type="stmt"/>
          <line num="404" count="0" type="stmt"/>
          <line num="406" count="0" type="stmt"/>
          <line num="407" count="0" type="cond" truecount="0" falsecount="2"/>
          <line num="408" count="0" type="stmt"/>
          <line num="412" count="0" type="stmt"/>
          <line num="414" count="0" type="stmt"/>
          <line num="422" count="0" type="stmt"/>
          <line num="423" count="0" type="stmt"/>
          <line num="424" count="0" type="stmt"/>
          <line num="425" count="0" type="cond" truecount="0" falsecount="2"/>
          <line num="426" count="0" type="stmt"/>
          <line num="430" count="0" type="stmt"/>
          <line num="436" count="0" type="stmt"/>
          <line num="437" count="0" type="stmt"/>
          <line num="438" count="0" type="stmt"/>
          <line num="440" count="0" type="stmt"/>
          <line num="448" count="0" type="stmt"/>
          <line num="449" count="0" type="stmt"/>
          <line num="450" count="0" type="stmt"/>
          <line num="451" count="0" type="cond" truecount="0" falsecount="4"/>
          <line num="453" count="0" type="stmt"/>
          <line num="458" count="0" type="stmt"/>
          <line num="459" count="0" type="stmt"/>
          <line num="460" count="0" type="stmt"/>
          <line num="462" count="0" type="stmt"/>
          <line num="470" count="0" type="stmt"/>
          <line num="471" count="0" type="stmt"/>
          <line num="472" count="0" type="stmt"/>
          <line num="473" count="0" type="cond" truecount="0" falsecount="4"/>
          <line num="474" count="0" type="stmt"/>
          <line num="477" count="0" type="stmt"/>
          <line num="485" count="0" type="stmt"/>
          <line num="486" count="0" type="stmt"/>
          <line num="487" count="0" type="stmt"/>
          <line num="488" count="0" type="cond" truecount="0" falsecount="2"/>
          <line num="490" count="0" type="stmt"/>
          <line num="502" count="0" type="stmt"/>
          <line num="503" count="0" type="stmt"/>
          <line num="504" count="0" type="stmt"/>
          <line num="505" count="0" type="stmt"/>
          <line num="508" count="0" type="stmt"/>
          <line num="509" count="0" type="stmt"/>
          <line num="520" count="0" type="stmt"/>
          <line num="521" count="0" type="stmt"/>
          <line num="522" count="0" type="stmt"/>
          <line num="524" count="0" type="stmt"/>
          <line num="529" count="0" type="cond" truecount="0" falsecount="4"/>
          <line num="534" count="0" type="stmt"/>
          <line num="535" count="0" type="cond" truecount="0" falsecount="2"/>
          <line num="536" count="0" type="stmt"/>
          <line num="539" count="0" type="cond" truecount="0" falsecount="4"/>
          <line num="541" count="0" type="stmt"/>
          <line num="542" count="0" type="stmt"/>
          <line num="544" count="0" type="stmt"/>
          <line num="545" count="0" type="stmt"/>
          <line num="547" count="0" type="stmt"/>
          <line num="548" count="0" type="stmt"/>
          <line num="550" count="0" type="stmt"/>
          <line num="551" count="0" type="stmt"/>
          <line num="555" count="0" type="cond" truecount="0" falsecount="2"/>
          <line num="556" count="0" type="stmt"/>
          <line num="557" count="0" type="stmt"/>
          <line num="558" count="0" type="cond" truecount="0" falsecount="4"/>
          <line num="559" count="0" type="stmt"/>
          <line num="561" count="0" type="stmt"/>
          <line num="563" count="0" type="cond" truecount="0" falsecount="2"/>
          <line num="564" count="0" type="stmt"/>
          <line num="565" count="0" type="stmt"/>
          <line num="566" count="0" type="cond" truecount="0" falsecount="4"/>
          <line num="567" count="0" type="stmt"/>
          <line num="569" count="0" type="stmt"/>
          <line num="575" count="0" type="cond" truecount="0" falsecount="2"/>
          <line num="576" count="0" type="stmt"/>
          <line num="578" count="0" type="stmt"/>
          <line num="589" count="0" type="cond" truecount="0" falsecount="2"/>
          <line num="590" count="0" type="stmt"/>
          <line num="604" count="0" type="stmt"/>
          <line num="618" count="0" type="cond" truecount="0" falsecount="2"/>
          <line num="619" count="0" type="stmt"/>
          <line num="633" count="0" type="stmt"/>
          <line num="644" count="0" type="cond" truecount="0" falsecount="2"/>
          <line num="645" count="0" type="stmt"/>
          <line num="651" count="0" type="stmt"/>
          <line num="656" count="0" type="stmt"/>
          <line num="657" count="0" type="stmt"/>
          <line num="658" count="0" type="stmt"/>
          <line num="659" count="0" type="stmt"/>
          <line num="660" count="0" type="stmt"/>
          <line num="661" count="0" type="stmt"/>
          <line num="666" count="0" type="stmt"/>
        </file>
        <file name="extendedElementView.js" path="/src/src/graphical-editor/jointjs/extendedElementView.js">
          <metrics statements="6" coveredstatements="0" conditionals="8" coveredconditionals="0" methods="3" coveredmethods="0"/>
          <line num="1" count="0" type="cond" truecount="0" falsecount="4"/>
          <line num="18" count="0" type="stmt"/>
          <line num="31" count="0" type="cond" truecount="0" falsecount="2"/>
          <line num="34" count="0" type="stmt"/>
          <line num="46" count="0" type="cond" truecount="0" falsecount="2"/>
          <line num="49" count="0" type="stmt"/>
        </file>
        <file name="extendedSelectionView.js" path="/src/src/graphical-editor/jointjs/extendedSelectionView.js">
          <metrics statements="231" coveredstatements="0" conditionals="78" coveredconditionals="0" methods="44" coveredmethods="0"/>
          <line num="1" count="0" type="cond" truecount="0" falsecount="4"/>
          <line num="18" count="0" type="stmt"/>
          <line num="25" count="0" type="stmt"/>
          <line num="43" count="0" type="stmt"/>
          <line num="44" count="0" type="stmt"/>
          <line num="45" count="0" type="stmt"/>
          <line num="46" count="0" type="stmt"/>
          <line num="50" count="0" type="stmt"/>
          <line num="58" count="0" type="stmt"/>
          <line num="66" count="0" type="stmt"/>
          <line num="77" count="0" type="stmt"/>
          <line num="85" count="0" type="stmt"/>
          <line num="93" count="0" type="stmt"/>
          <line num="105" count="0" type="cond" truecount="0" falsecount="2"/>
          <line num="106" count="0" type="stmt"/>
          <line num="112" count="0" type="stmt"/>
          <line num="113" count="0" type="stmt"/>
          <line num="118" count="0" type="stmt"/>
          <line num="119" count="0" type="stmt"/>
          <line num="124" count="0" type="stmt"/>
          <line num="125" count="0" type="stmt"/>
          <line num="126" count="0" type="cond" truecount="0" falsecount="2"/>
          <line num="134" count="0" type="cond" truecount="0" falsecount="2"/>
          <line num="135" count="0" type="cond" truecount="0" falsecount="2"/>
          <line num="136" count="0" type="stmt"/>
          <line num="138" count="0" type="cond" truecount="0" falsecount="2"/>
          <line num="139" count="0" type="stmt"/>
          <line num="141" count="0" type="stmt"/>
          <line num="146" count="0" type="cond" truecount="0" falsecount="3"/>
          <line num="149" count="0" type="stmt"/>
          <line num="150" count="0" type="stmt"/>
          <line num="152" count="0" type="stmt"/>
          <line num="153" count="0" type="stmt"/>
          <line num="154" count="0" type="stmt"/>
          <line num="155" count="0" type="stmt"/>
          <line num="157" count="0" type="stmt"/>
          <line num="163" count="0" type="stmt"/>
          <line num="166" count="0" type="stmt"/>
          <line num="167" count="0" type="stmt"/>
          <line num="168" count="0" type="stmt"/>
          <line num="170" count="0" type="stmt"/>
          <line num="171" count="0" type="stmt"/>
          <line num="176" count="0" type="stmt"/>
          <line num="178" count="0" type="stmt"/>
          <line num="181" count="0" type="stmt"/>
          <line num="186" count="0" type="stmt"/>
          <line num="189" count="0" type="stmt"/>
          <line num="191" count="0" type="stmt"/>
          <line num="193" count="0" type="cond" truecount="0" falsecount="2"/>
          <line num="195" count="0" type="stmt"/>
          <line num="196" count="0" type="cond" truecount="0" falsecount="4"/>
          <line num="198" count="0" type="stmt"/>
          <line num="199" count="0" type="stmt"/>
          <line num="201" count="0" type="stmt"/>
          <line num="204" count="0" type="stmt"/>
          <line num="207" count="0" type="stmt"/>
          <line num="212" count="0" type="cond" truecount="0" falsecount="4"/>
          <line num="214" count="0" type="stmt"/>
          <line num="215" count="0" type="stmt"/>
          <line num="216" count="0" type="stmt"/>
          <line num="219" count="0" type="stmt"/>
          <line num="221" count="0" type="stmt"/>
          <line num="222" count="0" type="stmt"/>
          <line num="223" count="0" type="stmt"/>
          <line num="230" count="0" type="stmt"/>
          <line num="233" count="0" type="stmt"/>
          <line num="234" count="0" type="stmt"/>
          <line num="237" count="0" type="stmt"/>
          <line num="238" count="0" type="stmt"/>
          <line num="244" count="0" type="stmt"/>
          <line num="245" count="0" type="stmt"/>
          <line num="256" count="0" type="cond" truecount="0" falsecount="7"/>
          <line num="259" count="0" type="stmt"/>
          <line num="260" count="0" type="stmt"/>
          <line num="261" count="0" type="stmt"/>
          <line num="264" count="0" type="stmt"/>
          <line num="267" count="0" type="stmt"/>
          <line num="268" count="0" type="stmt"/>
          <line num="271" count="0" type="stmt"/>
          <line num="273" count="0" type="cond" truecount="0" falsecount="2"/>
          <line num="278" count="0" type="stmt"/>
          <line num="285" count="0" type="stmt"/>
          <line num="286" count="0" type="stmt"/>
          <line num="297" count="0" type="stmt"/>
          <line num="302" count="0" type="stmt"/>
          <line num="307" count="0" type="stmt"/>
          <line num="311" count="0" type="stmt"/>
[...]
          <metrics statements="22" coveredstatements="22" conditionals="21" coveredconditionals="20" methods="12" coveredmethods="12"/>
          <line num="2" count="2" type="cond" truecount="5" falsecount="0"/>
          <line num="3" count="1" type="stmt"/>
          <line num="5" count="1" type="stmt"/>
          <line num="9" count="2" type="stmt"/>
          <line num="10" count="2" type="cond" truecount="2" falsecount="0"/>
          <line num="14" count="2" type="cond" truecount="5" falsecount="0"/>
          <line num="15" count="1" type="stmt"/>
          <line num="17" count="1" type="stmt"/>
          <line num="21" count="1" type="stmt"/>
          <line num="22" count="1" type="stmt"/>
          <line num="23" count="1" type="cond" truecount="3" falsecount="1"/>
          <line num="24" count="1" type="stmt"/>
          <line num="26" count="1" type="stmt"/>
          <line num="30" count="1" type="stmt"/>
          <line num="31" count="1" type="stmt"/>
          <line num="32" count="1" type="stmt"/>
          <line num="34" count="1" type="stmt"/>
          <line num="44" count="4" type="stmt"/>
          <line num="48" count="2" type="stmt"/>
          <line num="49" count="2" type="stmt"/>
          <line num="53" count="2" type="cond" truecount="3" falsecount="0"/>
          <line num="54" count="2" type="cond" truecount="2" falsecount="0"/>
        </file>
        <file name="StencilGenerator.js" path="/src/src/graphical-editor/model/generator/diagram/StencilGenerator.js">
          <metrics statements="48" coveredstatements="48" conditionals="28" coveredconditionals="27" methods="26" coveredmethods="26"/>
          <line num="4" count="29" type="stmt"/>
          <line num="5" count="30" type="stmt"/>
          <line num="6" count="30" type="stmt"/>
          <line num="8" count="29" type="stmt"/>
          <line num="12" count="29" type="stmt"/>
          <line num="13" count="29" type="stmt"/>
          <line num="16" count="1" type="stmt"/>
          <line num="27" count="13" type="stmt"/>
          <line num="31" count="25" type="stmt"/>
          <line num="32" count="24" type="stmt"/>
          <line num="33" count="24" type="stmt"/>
          <line num="38" count="24" type="stmt"/>
          <line num="39" count="24" type="stmt"/>
          <line num="43" count="24" type="stmt"/>
          <line num="44" count="24" type="stmt"/>
          <line num="45" count="24" type="stmt"/>
          <line num="46" count="24" type="stmt"/>
          <line num="47" count="24" type="stmt"/>
          <line num="51" count="24" type="stmt"/>
          <line num="62" count="24" type="stmt"/>
          <line num="63" count="24" type="cond" truecount="4" falsecount="0"/>
          <line num="67" count="8" type="stmt"/>
          <line num="77" count="8" type="cond" truecount="2" falsecount="0"/>
          <line num="78" count="8" type="stmt"/>
          <line num="79" count="8" type="cond" truecount="2" falsecount="0"/>
          <line num="83" count="24" type="cond" truecount="4" falsecount="0"/>
          <line num="91" count="4" type="stmt"/>
          <line num="98" count="24" type="stmt"/>
          <line num="99" count="24" type="cond" truecount="2" falsecount="0"/>
          <line num="100" count="24" type="stmt"/>
          <line num="101" count="4" type="stmt"/>
          <line num="111" count="13" type="stmt"/>
          <line num="112" count="13" type="stmt"/>
          <line num="113" count="13" type="cond" truecount="4" falsecount="0"/>
          <line num="114" count="13" type="stmt"/>
          <line num="115" count="13" type="stmt"/>
          <line num="119" count="4" type="stmt"/>
          <line num="120" count="5" type="stmt"/>
          <line num="121" count="5" type="stmt"/>
          <line num="122" count="5" type="stmt"/>
          <line num="127" count="25" type="cond" truecount="4" falsecount="0"/>
          <line num="128" count="25" type="stmt"/>
          <line num="132" count="2" type="cond" truecount="4" falsecount="0"/>
          <line num="133" count="1" type="stmt"/>
          <line num="134" count="1" type="stmt"/>
          <line num="135" count="1" type="stmt"/>
          <line num="136" count="1" type="stmt"/>
          <line num="137" count="1" type="stmt"/>
        </file>
        <file name="ValidatorGenerator.js" path="/src/src/graphical-editor/model/generator/diagram/ValidatorGenerator.js">
          <metrics statements="32" coveredstatements="32" conditionals="28" coveredconditionals="26" methods="24" coveredmethods="24"/>
          <line num="3" count="2" type="stmt"/>
          <line num="4" count="2" type="stmt"/>
          <line num="5" count="2" type="stmt"/>
          <line num="10" count="2" type="stmt"/>
          <line num="16" count="12" type="stmt"/>
          <line num="17" count="12" type="stmt"/>
          <line num="21" count="6" type="stmt"/>
          <line num="22" count="6" type="stmt"/>
          <line num="23" count="6" type="stmt"/>
          <line num="27" count="5" type="stmt"/>
          <line num="28" count="7" type="cond" truecount="2" falsecount="0"/>
          <line num="32" count="5" type="stmt"/>
          <line num="33" count="7" type="cond" truecount="2" falsecount="0"/>
          <line num="37" count="10" type="stmt"/>
          <line num="38" count="10" type="cond" truecount="4" falsecount="0"/>
          <line num="44" count="12" type="cond" truecount="2" falsecount="0"/>
          <line num="45" count="12" type="cond" truecount="4" falsecount="0"/>
          <line num="46" count="12" type="cond" truecount="4" falsecount="0"/>
          <line num="47" count="12" type="stmt"/>
          <line num="48" count="12" type="stmt"/>
          <line num="52" count="2" type="stmt"/>
          <line num="53" count="1" type="cond" truecount="1" falsecount="1"/>
          <line num="54" count="1" type="stmt"/>
          <line num="59" count="2" type="stmt"/>
          <line num="60" count="1" type="cond" truecount="1" falsecount="1"/>
          <line num="61" count="1" type="stmt"/>
          <line num="66" count="2" type="stmt"/>
          <line num="67" count="2" type="cond" truecount="2" falsecount="0"/>
          <line num="68" count="1" type="stmt"/>
          <line num="78" count="6" type="stmt"/>
          <line num="79" count="10" type="stmt"/>
          <line num="80" count="6" type="cond" truecount="4" falsecount="0"/>
        </file>
      </package>
      <package name="src.graphical-editor.model.generator.shape">
        <metrics statements="230" coveredstatements="224" conditionals="66" coveredconditionals="52" methods="166" coveredmethods="163"/>
        <file name="InspectorGenerator.js" path="/src/src/graphical-editor/model/generator/shape/InspectorGenerator.js">
          <metrics statements="67" coveredstatements="67" conditionals="8" coveredconditionals="6" methods="40" coveredmethods="40"/>
          <line num="5" count="23" type="stmt"/>
          <line num="62" count="23" type="stmt"/>
          <line num="63" count="23" type="stmt"/>
          <line num="75" count="22" type="stmt"/>
          <line num="84" count="22" type="cond" truecount="1" falsecount="1"/>
          <line num="85" count="22" type="stmt"/>
          <line num="86" count="22" type="stmt"/>
          <line num="87" count="22" type="stmt"/>
          <line num="88" count="30" type="stmt"/>
          <line num="89" count="30" type="stmt"/>
          <line num="94" count="30" type="cond" truecount="1" falsecount="1"/>
          <line num="95" count="30" type="stmt"/>
          <line num="96" count="30" type="stmt"/>
          <line num="103" count="161" type="stmt"/>
          <line num="107" count="25" type="stmt"/>
          <line num="110" count="17" type="stmt"/>
          <line num="113" count="26" type="stmt"/>
          <line num="116" count="26" type="stmt"/>
          <line num="126" count="26" type="stmt"/>
          <line num="129" count="8" type="stmt"/>
          <line num="132" count="8" type="stmt"/>
          <line num="135" count="12" type="stmt"/>
          <line num="138" count="12" type="stmt"/>
          <line num="141" count="8" type="stmt"/>
          <line num="144" count="8" type="stmt"/>
          <line num="148" count="30" type="cond" truecount="2" falsecount="0"/>
          <line num="154" count="4" type="stmt"/>
          <line num="155" count="4" type="stmt"/>
          <line num="162" count="4" type="stmt"/>
          <line num="163" count="4" type="stmt"/>
          <line num="173" count="4" type="stmt"/>
          <line num="174" count="4" type="stmt"/>
          <line num="195" count="4" type="stmt"/>
          <line num="196" count="4" type="stmt"/>
          <line num="203" count="4" type="stmt"/>
          <line num="204" count="4" type="stmt"/>
          <line num="214" count="4" type="stmt"/>
          <line num="215" count="4" type="stmt"/>
          <line num="226" count="4" type="stmt"/>
          <line num="227" count="4" type="stmt"/>
          <line num="234" count="4" type="stmt"/>
          <line num="235" count="4" type="stmt"/>
          <line num="248" count="4" type="stmt"/>
          <line num="249" count="4" type="stmt"/>
          <line num="260" count="5" type="stmt"/>
          <line num="261" count="5" type="stmt"/>
          <line num="267" count="5" type="stmt"/>
          <line num="268" count="5" type="stmt"/>
          <line num="278" count="5" type="stmt"/>
          <line num="279" count="5" type="stmt"/>
          <line num="285" count="5" type="stmt"/>
          <line num="286" count="5" type="stmt"/>
          <line num="298" count="4" type="stmt"/>
          <line num="299" count="4" type="stmt"/>
          <line num="305" count="4" type="stmt"/>
          <line num="306" count="4" type="stmt"/>
          <line num="317" count="4" type="stmt"/>
          <line num="318" count="4" type="stmt"/>
          <line num="325" count="4" type="stmt"/>
          <line num="326" count="4" type="stmt"/>
          <line num="336" count="4" type="stmt"/>
          <line num="337" count="4" type="stmt"/>
          <line num="350" count="23" type="cond" truecount="2" falsecount="0"/>
          <line num="351" count="23" type="stmt"/>
          <line num="355" count="23" type="stmt"/>
          <line num="356" count="22" type="stmt"/>
          <line num="357" count="22" type="stmt"/>
        </file>
        <file name="ShapeDefinitionGenerator.js" path="/src/src/graphical-editor/model/generator/shape/ShapeDefinitionGenerator.js">
          <metrics statements="130" coveredstatements="124" conditionals="44" coveredconditionals="34" methods="98" coveredmethods="95"/>
          <line num="3" count="1" type="stmt"/>
          <line num="4" count="1" type="stmt"/>
          <line num="15" count="180" type="cond" truecount="2" falsecount="0"/>
          <line num="19" count="256" type="cond" truecount="1" falsecount="1"/>
          <line num="23" count="64" type="stmt"/>
          <line num="26" count="16" type="cond" truecount="1" falsecount="0"/>
          <line num="27" count="56" type="stmt"/>
          <line num="28" count="120" type="stmt"/>
          <line num="32" count="0" type="cond" truecount="0" falsecount="1"/>
          <line num="33" count="2" type="stmt"/>
          <line num="34" count="8" type="stmt"/>
          <line num="40" count="20" type="stmt"/>
          <line num="41" count="4" type="stmt"/>
          <line num="42" count="3" type="stmt"/>
          <line num="43" count="1" type="stmt"/>
          <line num="44" count="3" type="stmt"/>
          <line num="45" count="6" type="stmt"/>
          <line num="46" count="1" type="stmt"/>
          <line num="47" count="2" type="stmt"/>
          <line num="52" count="19" type="stmt"/>
          <line num="53" count="15" type="stmt"/>
          <line num="55" count="19" type="stmt"/>
          <line num="59" count="20" type="cond" truecount="1" falsecount="1"/>
          <line num="63" count="16" type="stmt"/>
          <line num="64" count="16" type="stmt"/>
          <line num="65" count="5" type="stmt"/>
          <line num="70" count="16" type="cond" truecount="2" falsecount="0"/>
          <line num="71" count="16" type="stmt"/>
          <line num="72" count="5" type="stmt"/>
          <line num="79" count="60" type="stmt"/>
          <line num="80" count="12" type="stmt"/>
          <line num="81" count="8" type="stmt"/>
          <line num="82" count="4" type="stmt"/>
          <line num="83" count="8" type="stmt"/>
          <line num="84" count="44" type="stmt"/>
          <line num="85" count="8" type="stmt"/>
          <line num="86" count="4" type="stmt"/>
          <line num="88" count="60" type="stmt"/>
          <line num="89" count="12" type="stmt"/>
          <line num="90" count="8" type="stmt"/>
          <line num="91" count="4" type="stmt"/>
          <line num="92" count="8" type="stmt"/>
          <line num="93" count="44" type="stmt"/>
          <line num="94" count="8" type="stmt"/>
          <line num="95" count="4" type="stmt"/>
          <line num="100" count="19" type="stmt"/>
          <line num="101" count="19" type="stmt"/>
          <line num="102" count="19" type="stmt"/>
          <line num="106" count="19" type="stmt"/>
          <line num="107" count="19" type="stmt"/>
          <line num="108" count="19" type="stmt"/>
          <line num="112" count="38" type="cond" truecount="4" falsecount="0"/>
          <line num="113" count="26" type="stmt"/>
          <line num="116" count="12" type="cond" truecount="2" falsecount="0"/>
          <line num="120" count="6" type="stmt"/>
          <line num="121" count="6" type="stmt"/>
          <line num="122" count="6" type="stmt"/>
          <line num="126" count="76" type="stmt"/>
          <line num="127" count="60" type="cond" truecount="1" falsecount="1"/>
          <line num="128" count="60" type="stmt"/>
          <line num="133" count="76" type="stmt"/>
          <line num="134" count="60" type="cond" truecount="1" falsecount="1"/>
          <line num="135" count="60" type="stmt"/>
          <line num="142" count="20" type="stmt"/>
          <line num="143" count="20" type="stmt"/>
          <line num="144" count="4" type="stmt"/>
          <line num="145" count="3" type="stmt"/>
          <line num="147" count="3" type="stmt"/>
          <line num="148" count="6" type="stmt"/>
          <line num="149" count="1" type="stmt"/>
          <line num="150" count="2" type="stmt"/>
          <line num="152" count="20" type="stmt"/>
          <line num="153" count="2" type="stmt"/>
          <line num="154" count="1" type="stmt"/>
          <line num="155" count="4" type="stmt"/>
          <line num="156" count="1" type="stmt"/>
          <line num="158" count="20" type="stmt"/>
          <line num="159" count="2" type="stmt"/>
          <line num="160" count="1" type="stmt"/>
          <line num="161" count="4" type="stmt"/>
          <line num="162" count="1" type="stmt"/>
          <line num="167" count="19" type="stmt"/>
          <line num="168" count="20" type="stmt"/>
          <line num="169" count="20" type="stmt"/>
          <line num="174" count="20" type="cond" truecount="1" falsecount="1"/>
          <line num="175" count="20" type="stmt"/>
          <line num="177" count="0" type="stmt"/>
          <line num="181" count="4" type="stmt"/>
          <line num="190" count="3" type="stmt"/>
          <line num="191" count="3" type="stmt"/>
          <line num="192" count="3" type="stmt"/>
          <line num="201" count="1" type="stmt"/>
          <line num="210" count="3" type="stmt"/>
          <line num="221" count="7" type="stmt"/>
          <line num="222" count="7" type="stmt"/>
          <line num="223" count="7" type="stmt"/>
          <line num="225" count="15" type="stmt"/>
          <line num="226" count="15" type="stmt"/>
          <line num="232" count="2" type="stmt"/>
          <line num="243" count="29" type="stmt"/>
          <line num="247" count="19" type="stmt"/>
          <line num="251" count="90" type="stmt"/>
          <line num="252" count="48" type="cond" truecount="4" falsecount="0"/>
          <line num="253" count="10" type="stmt"/>
          <line num="255" count="38" type="stmt"/>
          <line num="259" count="19" type="stmt"/>
          <line num="270" count="20" type="stmt"/>
          <line num="271" count="20" type="stmt"/>
          <line num="272" count="20" type="stmt"/>
          <line num="276" count="19" type="stmt"/>
          <line num="277" count="19" type="stmt"/>
          <line num="281" count="19" type="cond" truecount="2" falsecount="0"/>
          <line num="282" count="19" type="stmt"/>
          <line num="283" count="19" type="stmt"/>
          <line num="284" count="19" type="stmt"/>
          <line num="291" count="19" type="stmt"/>
          <line num="299" count="19" type="stmt"/>
          <line num="320" count="57" type="cond" truecount="2" falsecount="0"/>
          <line num="324" count="19" type="cond" truecount="4" falsecount="0"/>
          <line num="333" count="19" type="cond" truecount="4" falsecount="0"/>
          <line num="344" count="20" type="cond" truecount="2" falsecount="0"/>
          <line num="345" count="20" type="stmt"/>
          <line num="346" count="20" type="stmt"/>
          <line num="350" count="20" type="stmt"/>
          <line num="351" count="19" type="stmt"/>
          <line num="352" count="19" type="stmt"/>
          <line num="357" count="0" type="cond" truecount="0" falsecount="2"/>
          <line num="358" count="0" type="stmt"/>
          <line num="362" count="0" type="cond" truecount="0" falsecount="2"/>
          <line num="363" count="0" type="stmt"/>
        </file>
        <file name="StyleGenerator.js" path="/src/src/graphical-editor/model/generator/shape/StyleGenerator.js">
          <metrics statements="33" coveredstatements="33" conditionals="14" coveredconditionals="12" methods="28" coveredmethods="28"/>
          <line num="3" count="10" type="stmt"/>
          <line num="4" count="10" type="stmt"/>
          <line num="5" count="1" type="stmt"/>
          <line num="6" count="1" type="stmt"/>
          <line num="7" count="1" type="stmt"/>
          <line num="8" count="3" type="stmt"/>
          <line num="9" count="1" type="stmt"/>
          <line num="10" count="1" type="stmt"/>
          <line num="11" count="1" type="stmt"/>
          <line num="16" count="9" type="cond" truecount="1" falsecount="1"/>
          <line num="17" count="9" type="stmt"/>
          <line num="18" count="9" type="stmt"/>
          <line num="23" count="11" type="cond" truecount="2" falsecount="0"/>
          <line num="27" count="10" type="cond" truecount="2" falsecount="0"/>
          <line num="28" count="10" type="stmt"/>
          <line num="29" count="10" type="stmt"/>
          <line num="33" count="9" type="stmt"/>
          <line num="34" count="9" type="cond" truecount="1" falsecount="1"/>
          <line num="38" count="10" type="stmt"/>
          <line num="39" count="1" type="stmt"/>
          <line num="44" count="10" type="cond" truecount="2" falsecount="0"/>
          <line num="45" count="10" type="stmt"/>
          <line num="46" count="1" type="stmt"/>
          <line num="51" count="1" type="stmt"/>
          <line num="55" count="2" type="stmt"/>
          <line num="59" count="3" type="stmt"/>
          <line num="63" count="1" type="stmt"/>
          <line num="70" count="1" type="stmt"/>
          <line num="74" count="1" type="stmt"/>
          <line num="80" count="10" type="cond" truecount="2" falsecount="0"/>
          <line num="81" count="10" type="stmt"/>
          <line num="85" count="10" type="stmt"/>
          <line num="86" count="10" type="cond" truecount="2" falsecount="0"/>
        </file>
      </package>
    </metrics>
  </project>
</coverage>
